<?xml version="1.0" encoding="UTF-8"?>
<beans xmlns="http://www.springframework.org/schema/beans"
       xmlns:xsi="http://www.w3.org/2001/XMLSchema-instance"
       xmlns:context="http://www.springframework.org/schema/context"
       xmlns:sec="http://www.springframework.org/schema/security"
       xsi:schemaLocation="http://www.springframework.org/schema/mvc http://www.springframework.org/schema/mvc/spring-mvc-3.1.xsd
		http://www.springframework.org/schema/beans http://www.springframework.org/schema/beans/spring-beans-3.1.xsd
		http://www.springframework.org/schema/context http://www.springframework.org/schema/context/spring-context-3.1.xsd
       ">
       
      <context:component-scan base-package="org.mitre.rhex.jwt.*"></context:component-scan>

	<bean id="keyStore" class="org.springframework.ws.soap.security.support.KeyStoreFactoryBean">
		<property name="location" value="/WEB-INF/server_keystore.jks"/>
        <property name="password" value="password2"/>
	</bean>
	
	<bean id="serverPrivateKey" class="org.mitre.rhex.key.RSAPrivateKeyFactory">
		<property name="keyAlias" value="server_key"/>
		<property name="keyPassword" value="password1" />
		<property name="keyStore" ref="keyStore" />
	</bean>
	
	<bean id="serverPublicKey" class="org.mitre.rhex.key.RSAPublicKeyFactory">
		<property name="keyAlias" value="server_key"/>
		<property name="keyStore" ref="keyStore" />
	</bean>
	
	<bean id="certificateFactory" class="org.mitre.rhex.key.CertificateFactory">
		<property name="alias" value="server_key"/>
		<property name="keyStore" ref="keyStore" />
	</bean>
	
	<bean id="jdbcTemplate" class="org.springframework.jdbc.core.JdbcTemplate">
		<property name="dataSource" ref="dataSource" />
	</bean>
	
	<bean id="dataSource" class="com.mysql.jdbc.jdbc2.optional.MysqlConnectionPoolDataSource">
		<property name="url" value="jdbc:mysql://localhost:3306/rhex_oauth_development" />
		<property name="user" value="root" />
	</bean>
	
</beans>